#
# There is insufficient memory for the Java Runtime Environment to continue.
# Native memory allocation (malloc) failed to allocate 1767616 bytes for Chunk::new
# Possible reasons:
#   The system is out of physical RAM or swap space
#   In 32 bit mode, the process size limit was hit
# Possible solutions:
#   Reduce memory load on the system
#   Increase physical memory or swap space
#   Check if swap backing store is full
#   Use 64 bit Java on a 64 bit OS
#   Decrease Java heap size (-Xmx/-Xms)
#   Decrease number of Java threads
#   Decrease Java thread stack sizes (-Xss)
#   Set larger code cache with -XX:ReservedCodeCacheSize=
# This output file may be truncated or incomplete.
#
#  Out of Memory Error (allocation.cpp:323), pid=9012, tid=15280
#
# JRE version: Java(TM) SE Runtime Environment (7.0_71-b14) (build 1.7.0_71-b14)
# Java VM: Java HotSpot(TM) 64-Bit Server VM (24.71-b01 mixed mode windows-amd64 compressed oops)
# Failed to write core dump. Minidumps are not enabled by default on client versions of Windows
#

---------------  T H R E A D  ---------------

Current thread (0x0000000008f9a800):  JavaThread "C2 CompilerThread1" daemon [_thread_in_native, id=15280, stack(0x000000000a7e0000,0x000000000a8e0000)]

Stack: [0x000000000a7e0000,0x000000000a8e0000]
[error occurred during error reporting (printing stack bounds), id 0xc0000005]


Current CompileTask:
C2:   7147  698             java.beans.Introspector::getTargetEventInfo (1089 bytes)


---------------  P R O C E S S  ---------------

Java Threads: ( => current thread )
  0x000000000b997000 JavaThread "File lock request listener" [_thread_in_native, id=15308, stack(0x000000000d570000,0x000000000d670000)]
  0x000000000b2bd000 JavaThread "Stdin handler" [_thread_blocked, id=16332, stack(0x000000000d380000,0x000000000d480000)]
  0x000000000b1f6000 JavaThread "Daemon worker" [_thread_in_vm, id=7492, stack(0x000000000d180000,0x000000000d280000)]
  0x000000000b1f5000 JavaThread "Cancel handler" [_thread_blocked, id=15868, stack(0x000000000cf20000,0x000000000d020000)]
  0x000000000b933800 JavaThread "Handler for socket connection from /127.0.0.1:60958 to /127.0.0.1:60959" [_thread_in_native, id=12740, stack(0x000000000cbf0000,0x000000000ccf0000)]
  0x000000000b37f000 JavaThread "Daemon" [_thread_blocked, id=9236, stack(0x000000000cd40000,0x000000000ce40000)]
  0x000000000b856000 JavaThread "Incoming local TCP Connector on port 60958" [_thread_in_native, id=6528, stack(0x000000000ca90000,0x000000000cb90000)]
  0x0000000008fa4000 JavaThread "Service Thread" daemon [_thread_blocked, id=10016, stack(0x000000000a980000,0x000000000aa80000)]
=>0x0000000008f9a800 JavaThread "C2 CompilerThread1" daemon [_thread_in_native, id=15280, stack(0x000000000a7e0000,0x000000000a8e0000)]
  0x0000000007efe800 JavaThread "C2 CompilerThread0" daemon [_thread_in_native, id=15924, stack(0x000000000a6d0000,0x000000000a7d0000)]
  0x0000000007efd800 JavaThread "Attach Listener" daemon [_thread_blocked, id=8792, stack(0x000000000a4c0000,0x000000000a5c0000)]
  0x0000000007efb800 JavaThread "Signal Dispatcher" daemon [_thread_blocked, id=15816, stack(0x000000000a040000,0x000000000a140000)]
  0x000000000233a800 JavaThread "Finalizer" daemon [_thread_blocked, id=14420, stack(0x000000000a370000,0x000000000a470000)]
  0x0000000002339800 JavaThread "Reference Handler" daemon [_thread_blocked, id=8796, stack(0x000000000a140000,0x000000000a240000)]
  0x00000000022a8000 JavaThread "main" [_thread_blocked, id=15432, stack(0x00000000023b0000,0x00000000024b0000)]

Other Threads:
  0x0000000007edd000 VMThread [stack: 0x0000000009eb0000,0x0000000009fb0000] [id=15672]
  0x0000000008fad800 WatcherThread [stack: 0x000000000aab0000,0x000000000abb0000] [id=14264]

VM state:not at safepoint (normal execution)

VM Mutex/Monitor currently owned by a thread: None

Heap
 PSYoungGen      total 163328K, used 95235K [0x00000000f5500000, 0x0000000100000000, 0x0000000100000000)
  eden space 152064K, 55% used [0x00000000f5500000,0x00000000fa701c40,0x00000000fe980000)
  from space 11264K, 99% used [0x00000000fe980000,0x00000000ff47f100,0x00000000ff480000)
  to   space 11776K, 0% used [0x00000000ff480000,0x00000000ff480000,0x0000000100000000)
 ParOldGen       total 85504K, used 21650K [0x00000000e0000000, 0x00000000e5380000, 0x00000000f5500000)
  object space 85504K, 25% used [0x00000000e0000000,0x00000000e1524978,0x00000000e5380000)
 PSPermGen       total 37888K, used 37509K [0x00000000d0000000, 0x00000000d2500000, 0x00000000e0000000)
  object space 37888K, 99% used [0x00000000d0000000,0x00000000d24a1768,0x00000000d2500000)

Card table byte_map: [0x0000000005570000,0x0000000005700000] byte_map_base: 0x0000000004ef0000

Polling page: 0x0000000000130000

Code Cache  [0x00000000024b0000, 0x0000000002800000, 0x00000000054b0000)
 total_blobs=1248 nmethods=652 adapters=548 free_code_cache=45955Kb largest_free_block=46919040

Compilation events (10 events):
Event: 7.095 Thread 0x0000000008f9a800 nmethod 693 0x000000000276cc90 code [0x000000000276cde0, 0x000000000276d038]
Event: 7.095 Thread 0x0000000008f9a800  694             org.codehaus.groovy.reflection.CachedClass::hashCode (33 bytes)
Event: 7.096 Thread 0x0000000008f9a800 nmethod 694 0x00000000026f4310 code [0x00000000026f4460, 0x00000000026f4528]
Event: 7.096 Thread 0x0000000008f9a800  695             java.util.ComparableTimSort::binarySort (223 bytes)
Event: 7.101 Thread 0x0000000008f9a800 nmethod 695 0x00000000027ade10 code [0x00000000027adf80, 0x00000000027ae648]
Event: 7.101 Thread 0x0000000008f9a800  696   !         java.beans.Introspector::getPublicDeclaredMethods (92 bytes)
Event: 7.107 Thread 0x0000000008f9a800 nmethod 696 0x00000000027c7950 code [0x00000000027c7b40, 0x00000000027c8370]
Event: 7.107 Thread 0x0000000008f9a800  697             java.lang.String::subSequence (7 bytes)
Event: 7.109 Thread 0x0000000008f9a800 nmethod 697 0x00000000027c71d0 code [0x00000000027c7320, 0x00000000027c7658]
Event: 7.110 Thread 0x0000000008f9a800  698             java.beans.Introspector::getTargetEventInfo (1089 bytes)

GC Heap History (10 events):
Event: 2.764 GC heap before
{Heap before GC invocations=3 (full 0):
 PSYoungGen      total 70656K, used 70633K [0x00000000f5500000, 0x00000000f9f00000, 0x0000000100000000)
  eden space 65536K, 100% used [0x00000000f5500000,0x00000000f9500000,0x00000000f9500000)
  from space 5120K, 99% used [0x00000000f9a00000,0x00000000f9efa630,0x00000000f9f00000)
  to   space 5120K, 0% used [0x00000000f9500000,0x00000000f9500000,0x00000000f9a00000)
 ParOldGen       total 85504K, used 2359K [0x00000000e0000000, 0x00000000e5380000, 0x00000000f5500000)
  object space 85504K, 2% used [0x00000000e0000000,0x00000000e024dc78,0x00000000e5380000)
 PSPermGen       total 21504K, used 20484K [0x00000000d0000000, 0x00000000d1500000, 0x00000000e0000000)
  object space 21504K, 95% used [0x00000000d0000000,0x00000000d1401340,0x00000000d1500000)
Event: 2.774 GC heap after
Heap after GC invocations=3 (full 0):
 PSYoungGen      total 70656K, used 5108K [0x00000000f5500000, 0x00000000fdf00000, 0x0000000100000000)
  eden space 65536K, 0% used [0x00000000f5500000,0x00000000f5500000,0x00000000f9500000)
  from space 5120K, 99% used [0x00000000f9500000,0x00000000f99fd110,0x00000000f9a00000)
  to   space 5120K, 0% used [0x00000000fda00000,0x00000000fda00000,0x00000000fdf00000)
 ParOldGen       total 85504K, used 7781K [0x00000000e0000000, 0x00000000e5380000, 0x00000000f5500000)
  object space 85504K, 9% used [0x00000000e0000000,0x00000000e0799518,0x00000000e5380000)
 PSPermGen       total 21504K, used 20484K [0x00000000d0000000, 0x00000000d1500000, 0x00000000e0000000)
  object space 21504K, 95% used [0x00000000d0000000,0x00000000d1401340,0x00000000d1500000)
}
Event: 2.973 GC heap before
{Heap before GC invocations=4 (full 0):
 PSYoungGen      total 70656K, used 70644K [0x00000000f5500000, 0x00000000fdf00000, 0x0000000100000000)
  eden space 65536K, 100% used [0x00000000f5500000,0x00000000f9500000,0x00000000f9500000)
  from space 5120K, 99% used [0x00000000f9500000,0x00000000f99fd110,0x00000000f9a00000)
  to   space 5120K, 0% used [0x00000000fda00000,0x00000000fda00000,0x00000000fdf00000)
 ParOldGen       total 85504K, used 7781K [0x00000000e0000000, 0x00000000e5380000, 0x00000000f5500000)
  object space 85504K, 9% used [0x00000000e0000000,0x00000000e0799518,0x00000000e5380000)
 PSPermGen       total 21504K, used 20493K [0x00000000d0000000, 0x00000000d1500000, 0x00000000e0000000)
  object space 21504K, 95% used [0x00000000d0000000,0x00000000d14035b8,0x00000000d1500000)
Event: 2.987 GC heap after
Heap after GC invocations=4 (full 0):
 PSYoungGen      total 136192K, used 5112K [0x00000000f5500000, 0x00000000fdf00000, 0x0000000100000000)
  eden space 131072K, 0% used [0x00000000f5500000,0x00000000f5500000,0x00000000fd500000)
  from space 5120K, 99% used [0x00000000fda00000,0x00000000fdefe0d0,0x00000000fdf00000)
  to   space 5120K, 0% used [0x00000000fd500000,0x00000000fd500000,0x00000000fda00000)
 ParOldGen       total 85504K, used 8052K [0x00000000e0000000, 0x00000000e5380000, 0x00000000f5500000)
  object space 85504K, 9% used [0x00000000e0000000,0x00000000e07dd0f8,0x00000000e5380000)
 PSPermGen       total 21504K, used 20493K [0x00000000d0000000, 0x00000000d1500000, 0x00000000e0000000)
  object space 21504K, 95% used [0x00000000d0000000,0x00000000d14035b8,0x00000000d1500000)
}
Event: 3.669 GC heap before
{Heap before GC invocations=5 (full 0):
 PSYoungGen      total 136192K, used 136184K [0x00000000f5500000, 0x00000000fdf00000, 0x0000000100000000)
  eden space 131072K, 100% used [0x00000000f5500000,0x00000000fd500000,0x00000000fd500000)
  from space 5120K, 99% used [0x00000000fda00000,0x00000000fdefe0d0,0x00000000fdf00000)
  to   space 5120K, 0% used [0x00000000fd500000,0x00000000fd500000,0x00000000fda00000)
 ParOldGen       total 85504K, used 8052K [0x00000000e0000000, 0x00000000e5380000, 0x00000000f5500000)
  object space 85504K, 9% used [0x00000000e0000000,0x00000000e07dd0f8,0x00000000e5380000)
 PSPermGen       total 22528K, used 22459K [0x00000000d0000000, 0x00000000d1600000, 0x00000000e0000000)
  object space 22528K, 99% used [0x00000000d0000000,0x00000000d15eed20,0x00000000d1600000)
Event: 3.686 GC heap after
Heap after GC invocations=5 (full 0):
 PSYoungGen      total 136192K, used 5092K [0x00000000f5500000, 0x0000000100000000, 0x0000000100000000)
  eden space 131072K, 0% used [0x00000000f5500000,0x00000000f5500000,0x00000000fd500000)
  from space 5120K, 99% used [0x00000000fd500000,0x00000000fd9f90e0,0x00000000fda00000)
  to   space 11776K, 0% used [0x00000000ff480000,0x00000000ff480000,0x0000000100000000)
 ParOldGen       total 85504K, used 11178K [0x00000000e0000000, 0x00000000e5380000, 0x00000000f5500000)
  object space 85504K, 13% used [0x00000000e0000000,0x00000000e0aea8e8,0x00000000e5380000)
 PSPermGen       total 22528K, used 22459K [0x00000000d0000000, 0x00000000d1600000, 0x00000000e0000000)
  object space 22528K, 99% used [0x00000000d0000000,0x00000000d15eed20,0x00000000d1600000)
}
Event: 4.099 GC heap before
{Heap before GC invocations=6 (full 0):
 PSYoungGen      total 136192K, used 136164K [0x00000000f5500000, 0x0000000100000000, 0x0000000100000000)
  eden space 131072K, 100% used [0x00000000f5500000,0x00000000fd500000,0x00000000fd500000)
  from space 5120K, 99% used [0x00000000fd500000,0x00000000fd9f90e0,0x00000000fda00000)
  to   space 11776K, 0% used [0x00000000ff480000,0x00000000ff480000,0x0000000100000000)
 ParOldGen       total 85504K, used 11178K [0x00000000e0000000, 0x00000000e5380000, 0x00000000f5500000)
  object space 85504K, 13% used [0x00000000e0000000,0x00000000e0aea8e8,0x00000000e5380000)
 PSPermGen       total 22528K, used 22481K [0x00000000d0000000, 0x00000000d1600000, 0x00000000e0000000)
  object space 22528K, 99% used [0x00000000d0000000,0x00000000d15f4738,0x00000000d1600000)
Event: 4.118 GC heap after
Heap after GC invocations=6 (full 0):
 PSYoungGen      total 163840K, used 5768K [0x00000000f5500000, 0x0000000100000000, 0x0000000100000000)
  eden space 152064K, 0% used [0x00000000f5500000,0x00000000f5500000,0x00000000fe980000)
  from space 11776K, 48% used [0x00000000ff480000,0x00000000ffa220f0,0x0000000100000000)
  to   space 11264K, 0% used [0x00000000fe980000,0x00000000fe980000,0x00000000ff480000)
 ParOldGen       total 85504K, used 11178K [0x00000000e0000000, 0x00000000e5380000, 0x00000000f5500000)
  object space 85504K, 13% used [0x00000000e0000000,0x00000000e0aea8e8,0x00000000e5380000)
 PSPermGen       total 22528K, used 22481K [0x00000000d0000000, 0x00000000d1600000, 0x00000000e0000000)
  object space 22528K, 99% used [0x00000000d0000000,0x00000000d15f4738,0x00000000d1600000)
}
Event: 6.001 GC heap before
{Heap before GC invocations=7 (full 0):
 PSYoungGen      total 163840K, used 157832K [0x00000000f5500000, 0x0000000100000000, 0x0000000100000000)
  eden space 152064K, 100% used [0x00000000f5500000,0x00000000fe980000,0x00000000fe980000)
  from space 11776K, 48% used [0x00000000ff480000,0x00000000ffa220f0,0x0000000100000000)
  to   space 11264K, 0% used [0x00000000fe980000,0x00000000fe980000,0x00000000ff480000)
 ParOldGen       total 85504K, used 11178K [0x00000000e0000000, 0x00000000e5380000, 0x00000000f5500000)
  object space 85504K, 13% used [0x00000000e0000000,0x00000000e0aea8e8,0x00000000e5380000)
 PSPermGen       total 32256K, used 31777K [0x00000000d0000000, 0x00000000d1f80000, 0x00000000e0000000)
  object space 32256K, 98% used [0x00000000d0000000,0x00000000d1f08678,0x00000000d1f80000)
Event: 6.048 GC heap after
Heap after GC invocations=7 (full 0):
 PSYoungGen      total 163328K, used 11260K [0x00000000f5500000, 0x0000000100000000, 0x0000000100000000)
  eden space 152064K, 0% used [0x00000000f5500000,0x00000000f5500000,0x00000000fe980000)
  from space 11264K, 99% used [0x00000000fe980000,0x00000000ff47f100,0x00000000ff480000)
  to   space 11776K, 0% used [0x00000000ff480000,0x00000000ff480000,0x0000000100000000)
 ParOldGen       total 85504K, used 21650K [0x00000000e0000000, 0x00000000e5380000, 0x00000000f5500000)
  object space 85504K, 25% used [0x00000000e0000000,0x00000000e1524978,0x00000000e5380000)
 PSPermGen       total 32256K, used 31777K [0x00000000d0000000, 0x00000000d1f80000, 0x00000000e0000000)
  object space 32256K, 98% used [0x00000000d0000000,0x00000000d1f08678,0x00000000d1f80000)
}

Deoptimization events (10 events):
Event: 6.716 Thread 0x000000000b1f6000 Uncommon trap: reason=bimorphic action=maybe_recompile pc=0x000000000252ff40 method=java.util.Properties$LineReader.readLine()I @ 402
Event: 6.721 Thread 0x000000000b1f6000 Uncommon trap: reason=bimorphic action=maybe_recompile pc=0x000000000252ff40 method=java.util.Properties$LineReader.readLine()I @ 402
Event: 6.940 Thread 0x000000000b1f6000 Uncommon trap: reason=unreached action=reinterpret pc=0x0000000002721450 method=groovy.lang.MetaClassImpl.populateMethods(Ljava/util/LinkedList;Lorg/codehaus/groovy/reflection/CachedClass;)V @ 150
Event: 6.940 Thread 0x000000000b1f6000 Uncommon trap: reason=bimorphic action=maybe_recompile pc=0x000000000271c278 method=org.codehaus.groovy.util.SingleKeyHashMap.get(Ljava/lang/Object;)Ljava/lang/Object; @ 43
Event: 6.949 Thread 0x000000000b1f6000 Uncommon trap: reason=bimorphic action=maybe_recompile pc=0x000000000271c278 method=org.codehaus.groovy.util.SingleKeyHashMap.get(Ljava/lang/Object;)Ljava/lang/Object; @ 43
Event: 7.039 Thread 0x000000000b1f6000 Uncommon trap: reason=null_check action=make_not_entrant pc=0x00000000027e9808 method=sun.reflect.Reflection.filterMethods(Ljava/lang/Class;[Ljava/lang/reflect/Method;)[Ljava/lang/reflect/Method; @ 18
Event: 7.105 Thread 0x000000000b1f6000 Uncommon trap: reason=array_check action=maybe_recompile pc=0x00000000027ae3f8 method=java.util.ComparableTimSort.binarySort([Ljava/lang/Object;III)V @ 215
Event: 7.105 Thread 0x000000000b1f6000 Uncommon trap: reason=array_check action=maybe_recompile pc=0x00000000027ae4b0 method=java.util.ComparableTimSort.binarySort([Ljava/lang/Object;III)V @ 193
Event: 7.105 Thread 0x000000000b1f6000 Uncommon trap: reason=array_check action=maybe_recompile pc=0x00000000027ae3f8 method=java.util.ComparableTimSort.binarySort([Ljava/lang/Object;III)V @ 215
Event: 7.109 Thread 0x000000000b1f6000 Uncommon trap: reason=array_check action=maybe_recompile pc=0x00000000027ae3f8 method=java.util.ComparableTimSort.binarySort([Ljava/lang/Object;III)V @ 215

Internal exceptions (10 events):
Event: 7.124 Thread 0x000000000b1f6000 Threw 0x00000000fa3094e0 at C:\re\jdk7u71\1605\hotspot\src\share\vm\classfile\systemDictionary.cpp:185
Event: 7.130 Thread 0x000000000b1f6000 Threw 0x00000000fa3621c8 at C:\re\jdk7u71\1605\hotspot\src\share\vm\prims\jvm.cpp:1281
Event: 7.130 Thread 0x000000000b1f6000 Threw 0x00000000fa3630a8 at C:\re\jdk7u71\1605\hotspot\src\share\vm\prims\jvm.cpp:1281
Event: 7.130 Thread 0x000000000b1f6000 Threw 0x00000000fa36d348 at C:\re\jdk7u71\1605\hotspot\src\share\vm\prims\jvm.cpp:1281
Event: 7.131 Thread 0x000000000b1f6000 Threw 0x00000000fa3706d8 at C:\re\jdk7u71\1605\hotspot\src\share\vm\prims\jvm.cpp:1281
Event: 7.131 Thread 0x000000000b1f6000 Threw 0x00000000fa3715b8 at C:\re\jdk7u71\1605\hotspot\src\share\vm\prims\jvm.cpp:1281
Event: 7.131 Thread 0x000000000b1f6000 Threw 0x00000000fa37b858 at C:\re\jdk7u71\1605\hotspot\src\share\vm\prims\jvm.cpp:1281
Event: 7.141 Thread 0x000000000b1f6000 Threw 0x00000000fa403e08 at C:\re\jdk7u71\1605\hotspot\src\share\vm\prims\jvm.cpp:1281
Event: 7.141 Thread 0x000000000b1f6000 Threw 0x00000000fa404d68 at C:\re\jdk7u71\1605\hotspot\src\share\vm\prims\jvm.cpp:1281
Event: 7.141 Thread 0x000000000b1f6000 Threw 0x00000000fa40d610 at C:\re\jdk7u71\1605\hotspot\src\share\vm\prims\jvm.cpp:1281

Events (10 events):
Event: 7.124 loading class 0x000000000d861430
Event: 7.124 loading class 0x000000000d861430 done
Event: 7.124 loading class 0x000000000d861430
Event: 7.124 loading class 0x000000000d861430 done
Event: 7.130 loading class 0x000000000db6ec50
Event: 7.130 loading class 0x000000000db6ec50 done
Event: 7.131 loading class 0x000000000db6ece0
Event: 7.131 loading class 0x000000000db6ece0 done
Event: 7.141 loading class 0x000000000dfda890
Event: 7.141 loading class 0x000000000dfda890 done


Dynamic libraries:
0x000000013ff70000 - 0x000000013ffa3000 	C:\Program Files\Java\jdk1.7.0_71\bin\java.exe
0x0000000076d60000 - 0x0000000076f09000 	C:\Windows\SYSTEM32\ntdll.dll
0x0000000076b40000 - 0x0000000076c5f000 	C:\Windows\system32\kernel32.dll
0x000007fefbf00000 - 0x000007fefbf6c000 	C:\Windows\system32\KERNELBASE.dll
0x000007fefc7a0000 - 0x000007fefc87b000 	C:\Windows\system32\ADVAPI32.dll
0x000007fefd220000 - 0x000007fefd2bf000 	C:\Windows\system32\msvcrt.dll
0x000007fefcb80000 - 0x000007fefcb9f000 	C:\Windows\SYSTEM32\sechost.dll
0x000007fefc190000 - 0x000007fefc2bd000 	C:\Windows\system32\RPCRT4.dll
0x0000000076c60000 - 0x0000000076d5a000 	C:\Windows\system32\USER32.dll
0x000007fefd150000 - 0x000007fefd1b7000 	C:\Windows\system32\GDI32.dll
0x000007fefcdb0000 - 0x000007fefcdbe000 	C:\Windows\system32\LPK.dll
0x000007fefd080000 - 0x000007fefd149000 	C:\Windows\system32\USP10.dll
0x000007fefa940000 - 0x000007fefab34000 	C:\Windows\WinSxS\amd64_microsoft.windows.common-controls_6595b64144ccf1df_6.0.7601.17514_none_fa396087175ac9ac\COMCTL32.dll
0x000007fefc8a0000 - 0x000007fefc911000 	C:\Windows\system32\SHLWAPI.dll
0x000007fefc770000 - 0x000007fefc79e000 	C:\Windows\system32\IMM32.DLL
0x000007fefcf70000 - 0x000007fefd079000 	C:\Windows\system32\MSCTF.dll
0x0000000079670000 - 0x0000000079742000 	C:\Program Files\Java\jdk1.7.0_71\jre\bin\msvcr100.dll
0x000000006eae0000 - 0x000000006f2b3000 	C:\Program Files\Java\jdk1.7.0_71\jre\bin\server\jvm.dll
0x000007fef7d40000 - 0x000007fef7d49000 	C:\Windows\system32\WSOCK32.dll
0x000007fefcdc0000 - 0x000007fefce0d000 	C:\Windows\system32\WS2_32.dll
0x000007fefe050000 - 0x000007fefe058000 	C:\Windows\system32\NSI.dll
0x000007fef9800000 - 0x000007fef983b000 	C:\Windows\system32\WINMM.dll
0x0000000076f20000 - 0x0000000076f27000 	C:\Windows\system32\PSAPI.DLL
0x000000006e4e0000 - 0x000000006e4ef000 	C:\Program Files\Java\jdk1.7.0_71\jre\bin\verify.dll
0x000000006d280000 - 0x000000006d2a8000 	C:\Program Files\Java\jdk1.7.0_71\jre\bin\java.dll
0x0000000000160000 - 0x0000000000175000 	C:\Program Files\Java\jdk1.7.0_71\jre\bin\zip.dll
0x000000006dc40000 - 0x000000006dc59000 	C:\Program Files\Java\jdk1.7.0_71\jre\bin\net.dll
0x000007fefb560000 - 0x000007fefb5b5000 	C:\Windows\system32\mswsock.dll
0x000007fefb5c0000 - 0x000007fefb5c7000 	C:\Windows\System32\wship6.dll
0x000000006dc70000 - 0x000000006dc81000 	C:\Program Files\Java\jdk1.7.0_71\jre\bin\nio.dll
0x000007fefb7e0000 - 0x000007fefb7f7000 	C:\Windows\system32\CRYPTSP.dll
0x000007fefb2c0000 - 0x000007fefb307000 	C:\Windows\system32\rsaenh.dll
0x000007fefb150000 - 0x000007fefb16e000 	C:\Windows\system32\USERENV.dll
0x000007fefbd60000 - 0x000007fefbd6f000 	C:\Windows\system32\profapi.dll
0x000007fefbc50000 - 0x000007fefbc5f000 	C:\Windows\system32\CRYPTBASE.dll
0x000007fef9510000 - 0x000007fef9537000 	C:\Windows\system32\IPHLPAPI.DLL
0x000007fef9500000 - 0x000007fef950b000 	C:\Windows\system32\WINNSI.DLL
0x000007fef9190000 - 0x000007fef91a1000 	C:\Windows\system32\dhcpcsvc6.DLL
0x000007fef9050000 - 0x000007fef9068000 	C:\Windows\system32\dhcpcsvc.DLL
0x000007fef5410000 - 0x000007fef5422000 	C:\Users\htan\AppData\Local\Temp\native-platform4776296925751747594dir\native-platform.dll
0x000007fefbbf0000 - 0x000007fefbc47000 	C:\Windows\system32\apphelp.dll

VM Arguments:
jvm_args: -XX:MaxPermSize=256m -XX:+HeapDumpOnOutOfMemoryError -Xmx1024m -Dfile.encoding=windows-1252 -Duser.country=GB -Duser.language=en -Duser.variant -Xmx512M 
java_command: org.gradle.launcher.daemon.bootstrap.GradleDaemon 2.2.1 C:\Users\htan\.gradle\daemon 10800000 881c8a0f-8af2-4158-8b0d-658ab0b86bcc -XX:MaxPermSize=256m -XX:+HeapDumpOnOutOfMemoryError -Xmx1024m -Dfile.encoding=windows-1252 -Duser.country=GB -Duser.language=en -Duser.variant
Launcher Type: SUN_STANDARD

Environment Variables:
JAVA_HOME=C:\Program Files\Java\jdk1.7.0_71
_JAVA_OPTIONS=-Xmx512M
PATH=C:\Windows\system32;C:\Windows;C:\Windows\System32\Wbem;C:\Windows\System32\WindowsPowerShell\v1.0\;C:\Program Files (x86)\Microsoft SQL Server\100\Tools\Binn\VSShell\Common7\IDE\;C:\Program Files (x86)\Microsoft SQL Server\100\Tools\Binn\;C:\Program Files\Microsoft SQL Server\100\Tools\Binn\;C:\Program Files (x86)\Microsoft SQL Server\100\DTS\Binn\;C:\Program Files\Microsoft SQL Server\100\DTS\Binn\;C:\Program Files (x86)\Microsoft Team Foundation Server 2012 Power Tools\;C:\Program Files (x86)\Microsoft Team Foundation Server 2012 Power Tools\Best Practices Analyzer\;C:\Program Files\System Center Operations Manager 2007\;C:\Program Files (x86)\Microsoft ASP.NET\ASP.NET Web Pages\v1.0\;C:\Program Files (x86)\Windows Kits\8.0\Windows Performance Toolkit\;C:\Program Files\Microsoft SQL Server\110\Tools\Binn\;C:\Program Files\Microsoft\Web Platform Installer\;C:\Program Files\Devart\Review Assistant;C:\Program Files\Microsoft SQL Server\120\Tools\Binn\;C:\Program Files\nodejs\;C:\Users\htan\Documents\Visual Studio 2012\Projects\MvcApplication2\node_modules\protractor\selenium;C:\Program Files (x86)\Git\cmd;C:\Program Files (x86)\GtkSharp\2.12\bin;C:\Program Files (x86)\Skype\Phone\;C:\Ruby193\bin;C:\Users\htan\AppData\Roaming\npm;C:\Program Files\Java\jdk1.7.0_71;C:\Program Files\Java\jre7
USERNAME=htan
OS=Windows_NT
PROCESSOR_IDENTIFIER=Intel64 Family 6 Model 42 Stepping 7, GenuineIntel



---------------  S Y S T E M  ---------------

OS: Windows 7 , 64 bit Build 7601 Service Pack 1

CPU:total 8 (4 cores per cpu, 2 threads per core) family 6 model 42 stepping 7, cmov, cx8, fxsr, mmx, sse, sse2, sse3, ssse3, sse4.1, sse4.2, popcnt, avx, aes, ht, tsc, tscinvbit

Memory: 4k page, physical 8233400k(485392k free), swap 11109768k(5496k free)

vm_info: Java HotSpot(TM) 64-Bit Server VM (24.71-b01) for windows-amd64 JRE (1.7.0_71-b14), built on Sep 26 2014 16:16:12 by "java_re" with unknown MS VC++:1600

time: Wed Mar 18 11:17:20 2015
elapsed time: 7 seconds

